{"name": "test_log_in_002", "status": "failed", "statusDetails": {"message": "AssertionError: assert False", "trace": "self = <TestCase.test_Login.Test_LogIn object at 0x0000020BF98A20D0>\nsetup = <selenium.webdriver.chrome.webdriver.WebDriver (session=\"c95f6efdaeffba54a0eaabda98883b70\")>\n\n    def test_log_in_002(self, setup):\n        self.driver = setup\n        self.LP = Login(self.driver)\n    \n        self.LP.enter_emai_id('kasbeee@gmail.com')\n        self.LP.enter_password('kasbe@1997')\n    \n        self.LP.click_on_login_button()\n    \n        if self.LP.check_login_status() == 1:\n            self.driver.save_screenshot(\"C:\\\\Users\\\\Raj\\\\PycharmProjects\\\\NOPCOM\\\\ScreenShots\\\\test_log_in_002passed\"\n                                        \".png\")\n    \n            assert True\n        else:\n            self.driver.save_screenshot(\"C:\\\\Users\\\\Raj\\\\PycharmProjects\\\\NOPCOM\\\\ScreenShots\\\\test_log_in_002failed\"\n                                        \".png\")\n>           assert False\nE           assert False\n\nTestCase\\test_Login.py:23: AssertionError"}, "start": 1693218642984, "stop": 1693218644204, "uuid": "c7fae698-7bdb-477b-b3be-b0f9198e32cf", "historyId": "f2a9c7d46b36f488006fbde44e501419", "testCaseId": "f2a9c7d46b36f488006fbde44e501419", "fullName": "TestCase.test_Login.Test_LogIn#test_log_in_002", "labels": [{"name": "parentSuite", "value": "TestCase"}, {"name": "suite", "value": "test_Login"}, {"name": "subSuite", "value": "Test_LogIn"}, {"name": "host", "value": "DESKTOP-GIP0459"}, {"name": "thread", "value": "17088-MainThread"}, {"name": "framework", "value": "pytest"}, {"name": "language", "value": "cpython3"}, {"name": "package", "value": "TestCase.test_Login"}]}